<?xml version="1.0" encoding="UTF-8"?>
<!-- Generated by org.testng.reporters.JUnitReportReporter -->
<testsuite hostname="USERMIC-RDKM54R" failures="0" tests="1" name="RegressionTest.TC_RegressionTest1" time="22.713" errors="0" timestamp="17 Feb 2019 16:53:12 GMT" skipped="0">
  <testcase classname="RegressionTest.TC_RegressionTest1" name="test1" time="22.713"/>
</testsuite> <!-- RegressionTest.TC_RegressionTest1 -->
