<?xml version="1.0" encoding="UTF-8"?>
<!-- Generated by org.testng.reporters.JUnitReportReporter -->
<testsuite hostname="USERMIC-RDKM54R" failures="0" tests="1" name="Group001.Adayroi.com.ValidUserInvalidPass" time="25.487" errors="0" timestamp="17 Feb 2019 16:53:12 GMT" skipped="0">
  <testcase classname="Group001.Adayroi.com.ValidUserInvalidPass" name="test1" time="25.487"/>
</testsuite> <!-- Group001.Adayroi.com.ValidUserInvalidPass -->
